utila/build/outputs/mapping/release/seeds.txt
com.utila.ActivityUtil
com.utila.ActivityUtil: ActivityUtil()
com.utila.ActivityUtil: void openActivity(java.lang.Class,android.content.Context,java.util.HashMap,boolean)
com.utila.ApiUtil
com.utila.ApiUtil: ApiUtil()
com.utila.ApiUtil: boolean isSuccessFul(java.lang.Integer)
com.utila.ApiUtil: java.lang.String getPostData(java.util.HashMap)
com.utila.AppPermissionUtil
com.utila.AppPermissionUtil: AppPermissionUtil()
com.utila.AppPermissionUtil: boolean checkAndroidPermission(android.content.Context,java.lang.String)
com.utila.AppPermissionUtil: void askPermission(android.app.Activity,java.lang.String,java.lang.String,android.view.View,android.view.View,com.utila.AppPermissionUtil$MyPermission)
com.utila.AppPermissionUtil: void lambda$askPermission$0(android.app.Activity,java.lang.String,android.view.View,android.view.View,java.lang.String,com.utila.AppPermissionUtil$MyPermission,com.tbruyelle.rxpermissions.Permission)
com.utila.AppPermissionUtil$$Lambda$1
com.utila.AppPermissionUtil$$Lambda$1: android.app.Activity arg$1
com.utila.AppPermissionUtil$$Lambda$1: java.lang.String arg$2
com.utila.AppPermissionUtil$$Lambda$1: android.view.View arg$3
com.utila.AppPermissionUtil$$Lambda$1: android.view.View arg$4
com.utila.AppPermissionUtil$$Lambda$1: java.lang.String arg$5
com.utila.AppPermissionUtil$$Lambda$1: com.utila.AppPermissionUtil$MyPermission arg$6
com.utila.AppPermissionUtil$$Lambda$1: AppPermissionUtil$$Lambda$1(android.app.Activity,java.lang.String,android.view.View,android.view.View,java.lang.String,com.utila.AppPermissionUtil$MyPermission)
com.utila.AppPermissionUtil$$Lambda$1: void call(java.lang.Object)
com.utila.AppPermissionUtil$$Lambda$1: rx.functions.Action1 lambdaFactory$(android.app.Activity,java.lang.String,android.view.View,android.view.View,java.lang.String,com.utila.AppPermissionUtil$MyPermission)
com.utila.AppPermissionUtil$MyPermission
com.utila.AppPermissionUtil$MyPermission: void onPermission()
com.utila.BuildConfig
com.utila.BuildConfig: boolean DEBUG
com.utila.BuildConfig: java.lang.String APPLICATION_ID
com.utila.BuildConfig: java.lang.String BUILD_TYPE
com.utila.BuildConfig: java.lang.String FLAVOR
com.utila.BuildConfig: int VERSION_CODE
com.utila.BuildConfig: java.lang.String VERSION_NAME
com.utila.BuildConfig: BuildConfig()
com.utila.EmptyUtil
com.utila.EmptyUtil: EmptyUtil()
com.utila.EmptyUtil: boolean isEmpty(java.lang.Object)
com.utila.EmptyUtil: boolean isNotEmpty(java.lang.Object)
com.utila.EmptyUtil: boolean isNull(java.lang.Object)
com.utila.EmptyUtil: boolean isNotNull(java.lang.Object)
com.utila.ErrorUtil
com.utila.ErrorUtil: ErrorUtil()
com.utila.ErrorUtil: java.lang.String parseError(java.lang.String)
com.utila.GuavaUtil
com.utila.GuavaUtil: GuavaUtil()
com.utila.GuavaUtil: java.lang.Object checkNotNull(java.lang.Object)
com.utila.JsonUtil
com.utila.JsonUtil: JsonUtil()
com.utila.JsonUtil: java.util.HashMap getEBankingData(java.lang.String)
com.utila.LogUtil
com.utila.LogUtil: boolean DEBUG
com.utila.LogUtil: LogUtil()
com.utila.LogUtil: void log(java.lang.String,java.lang.Object)
com.utila.LogUtil: void checkpoint(java.lang.Object)
com.utila.LogUtil: void sysOut(java.lang.Object)
com.utila.NetworkUtil
com.utila.NetworkUtil: NetworkUtil()
com.utila.NetworkUtil: boolean isNetworkAvailable(android.content.Context)
com.utila.NumberUtil
com.utila.NumberUtil: NumberUtil()
com.utila.NumberUtil: double round(double,int)
com.utila.NumberUtil: java.lang.Double convertToRupees(java.lang.Long)
com.utila.PreferenceUtil
com.utila.PreferenceUtil: android.content.SharedPreferences sharedPreference
com.utila.PreferenceUtil: PreferenceUtil()
com.utila.PreferenceUtil: android.content.SharedPreferences getSharedPreference(android.content.Context)
com.utila.PreferenceUtil: android.content.SharedPreferences$Editor getPreferenceEditor(android.content.Context)
com.utila.R
com.utila.R: R()
...
android.support.mediacompat.R$integer
android.support.mediacompat.R$integer: int cancel_button_image_alpha
android.support.mediacompat.R$integer: int status_bar_notification_info_maxnum
android.support.mediacompat.R$layout
android.support.mediacompat.R$layout: int notification_action
android.support.mediacompat.R$layout: int notification_action_tombstone
android.support.mediacompat.R$layout: int notification_media_action
android.support.mediacompat.R$layout: int notification_media_cancel_action
android.support.mediacompat.R$layout: int notification_template_big_media
android.support.mediacompat.R$layout: int notification_template_big_media_custom
android.support.mediacompat.R$layout: int notification_template_big_media_narrow
android.support.mediacompat.R$layout: int notification_template_big_media_narrow_custom
android.support.mediacompat.R$layout: int notification_template_custom_big
android.support.mediacompat.R$layout: int notification_template_icon_group
android.support.mediacompat.R$layout: int notification_template_lines_media
android.support.mediacompat.R$layout: int notification_template_media
android.support.mediacompat.R$layout: int notification_template_media_custom
android.support.mediacompat.R$layout: int notification_template_part_chronometer
android.support.mediacompat.R$layout: int notification_template_part_time
android.support.mediacompat.R$string
android.support.mediacompat.R$string: int status_bar_notification_info_overflow
android.support.mediacompat.R$style
android.support.mediacompat.R$style: int TextAppearance_Compat_Notification
android.support.mediacompat.R$style: int TextAppearance_Compat_Notification_Info
android.support.mediacompat.R$style: int TextAppearance_Compat_Notification_Info_Media
android.support.mediacompat.R$style: int TextAppearance_Compat_Notification_Line2
android.support.mediacompat.R$style: int TextAppearance_Compat_Notification_Line2_Media
android.support.mediacompat.R$style: int TextAppearance_Compat_Notification_Media
android.support.mediacompat.R$style: int TextAppearance_Compat_Notification_Time
android.support.mediacompat.R$style: int TextAppearance_Compat_Notification_Time_Media
android.support.mediacompat.R$style: int TextAppearance_Compat_Notification_Title
android.support.mediacompat.R$style: int TextAppearance_Compat_Notification_Title_Media
android.support.mediacompat.R$style: int Widget_Compat_NotificationActionContainer
android.support.mediacompat.R$style: int Widget_Compat_NotificationActionText
android.support.mediacompat.R$styleable
android.support.mediacompat.R$styleable: int[] FontFamily
android.support.mediacompat.R$styleable: int[] FontFamilyFont
android.support.mediacompat.R$styleable: int FontFamilyFont_font
android.support.mediacompat.R$styleable: int FontFamilyFont_fontStyle
android.support.mediacompat.R$styleable: int FontFamilyFont_fontWeight
android.support.mediacompat.R$styleable: int FontFamily_fontProviderAuthority
android.support.mediacompat.R$styleable: int FontFamily_fontProviderCerts
android.support.mediacompat.R$styleable: int FontFamily_fontProviderFetchStrategy
android.support.mediacompat.R$styleable: int FontFamily_fontProviderFetchTimeout
android.support.mediacompat.R$styleable: int FontFamily_fontProviderPackage
android.support.mediacompat.R$styleable: int FontFamily_fontProviderQuery
android.support.transition.R
android.support.transition.R$attr
android.support.transition.R$attr: int font
android.support.transition.R$attr: int fontProviderAuthority
android.support.transition.R$attr: int fontProviderCerts
android.support.transition.R$attr: int fontProviderFetchStrategy
android.support.transition.R$attr: int fontProviderFetchTimeout
android.support.transition.R$attr: int fontProviderPackage
android.support.transition.R$attr: int fontProviderQuery
android.support.transition.R$attr: int fontStyle
android.support.transition.R$attr: int fontWeight
android.support.transition.R$bool
android.support.transition.R$bool: int abc_action_bar_embed_tabs